ERROR - 2023-09-30 13:44:20 --> mysqli_sql_exception: Table 'ecommerse.product' doesn't exist in C:\laragon\www\Ecom\system\Database\MySQLi\Connection.php:306
Stack trace:
#0 C:\laragon\www\Ecom\system\Database\MySQLi\Connection.php(306): mysqli->query('SELECT *\nFROM `...', 0)
#1 C:\laragon\www\Ecom\system\Database\BaseConnection.php(692): CodeIgniter\Database\MySQLi\Connection->execute('SELECT *\nFROM `...')
#2 C:\laragon\www\Ecom\system\Database\BaseConnection.php(606): CodeIgniter\Database\BaseConnection->simpleQuery('SELECT *\nFROM `...')
#3 C:\laragon\www\Ecom\system\Database\BaseBuilder.php(1615): CodeIgniter\Database\BaseConnection->query('SELECT *\nFROM `...', Array, false)
#4 C:\laragon\www\Ecom\system\Model.php(237): CodeIgniter\Database\BaseBuilder->get()
#5 C:\laragon\www\Ecom\system\BaseModel.php(624): CodeIgniter\Model->doFindAll(0, 0)
#6 C:\laragon\www\Ecom\app\Controllers\ProductController.php(74): CodeIgniter\BaseModel->findAll()
#7 C:\laragon\www\Ecom\system\CodeIgniter.php(919): App\Controllers\ProductController->index()
#8 C:\laragon\www\Ecom\system\CodeIgniter.php(494): CodeIgniter\CodeIgniter->runController(Object(App\Controllers\ProductController))
#9 C:\laragon\www\Ecom\system\CodeIgniter.php(353): CodeIgniter\CodeIgniter->handleRequest(NULL, Object(Config\Cache), false)
#10 C:\laragon\www\Ecom\public\index.php(79): CodeIgniter\CodeIgniter->run()
#11 C:\laragon\www\Ecom\system\Commands\Server\rewrite.php(47): require_once('C:\\laragon\\www\\...')
#12 {main}
CRITICAL - 2023-09-30 13:44:20 --> Table 'ecommerse.product' doesn't exist
in SYSTEMPATH\Database\BaseConnection.php on line 646.
 1 SYSTEMPATH\Database\BaseBuilder.php(1615): CodeIgniter\Database\BaseConnection->query('SELECT *
FROM `product`', [], false)
 2 SYSTEMPATH\Model.php(237): CodeIgniter\Database\BaseBuilder->get()
 3 SYSTEMPATH\BaseModel.php(624): CodeIgniter\Model->doFindAll(0, 0)
 4 APPPATH\Controllers\ProductController.php(74): CodeIgniter\BaseModel->findAll()
 5 SYSTEMPATH\CodeIgniter.php(919): App\Controllers\ProductController->index()
 6 SYSTEMPATH\CodeIgniter.php(494): CodeIgniter\CodeIgniter->runController(Object(App\Controllers\ProductController))
 7 SYSTEMPATH\CodeIgniter.php(353): CodeIgniter\CodeIgniter->handleRequest(null, Object(Config\Cache), false)
 8 FCPATH\index.php(79): CodeIgniter\CodeIgniter->run()
 9 SYSTEMPATH\Commands\Server\rewrite.php(47): require_once('C:\\laragon\\www\\Ecom\\public\\index.php')
ERROR - 2023-09-30 13:45:46 --> mysqli_sql_exception: Table 'ecommerse.product' doesn't exist in C:\laragon\www\Ecom\system\Database\MySQLi\Connection.php:306
Stack trace:
#0 C:\laragon\www\Ecom\system\Database\MySQLi\Connection.php(306): mysqli->query('SELECT *\nFROM `...', 0)
#1 C:\laragon\www\Ecom\system\Database\BaseConnection.php(692): CodeIgniter\Database\MySQLi\Connection->execute('SELECT *\nFROM `...')
#2 C:\laragon\www\Ecom\system\Database\BaseConnection.php(606): CodeIgniter\Database\BaseConnection->simpleQuery('SELECT *\nFROM `...')
#3 C:\laragon\www\Ecom\system\Database\BaseBuilder.php(1615): CodeIgniter\Database\BaseConnection->query('SELECT *\nFROM `...', Array, false)
#4 C:\laragon\www\Ecom\system\Model.php(237): CodeIgniter\Database\BaseBuilder->get()
#5 C:\laragon\www\Ecom\system\BaseModel.php(624): CodeIgniter\Model->doFindAll(0, 0)
#6 C:\laragon\www\Ecom\app\Controllers\ProductController.php(74): CodeIgniter\BaseModel->findAll()
#7 C:\laragon\www\Ecom\system\CodeIgniter.php(919): App\Controllers\ProductController->index()
#8 C:\laragon\www\Ecom\system\CodeIgniter.php(494): CodeIgniter\CodeIgniter->runController(Object(App\Controllers\ProductController))
#9 C:\laragon\www\Ecom\system\CodeIgniter.php(353): CodeIgniter\CodeIgniter->handleRequest(NULL, Object(Config\Cache), false)
#10 C:\laragon\www\Ecom\public\index.php(79): CodeIgniter\CodeIgniter->run()
#11 C:\laragon\www\Ecom\system\Commands\Server\rewrite.php(47): require_once('C:\\laragon\\www\\...')
#12 {main}
CRITICAL - 2023-09-30 13:45:46 --> Table 'ecommerse.product' doesn't exist
in SYSTEMPATH\Database\BaseConnection.php on line 646.
 1 SYSTEMPATH\Database\BaseBuilder.php(1615): CodeIgniter\Database\BaseConnection->query('SELECT *
FROM `product`', [], false)
 2 SYSTEMPATH\Model.php(237): CodeIgniter\Database\BaseBuilder->get()
 3 SYSTEMPATH\BaseModel.php(624): CodeIgniter\Model->doFindAll(0, 0)
 4 APPPATH\Controllers\ProductController.php(74): CodeIgniter\BaseModel->findAll()
 5 SYSTEMPATH\CodeIgniter.php(919): App\Controllers\ProductController->index()
 6 SYSTEMPATH\CodeIgniter.php(494): CodeIgniter\CodeIgniter->runController(Object(App\Controllers\ProductController))
 7 SYSTEMPATH\CodeIgniter.php(353): CodeIgniter\CodeIgniter->handleRequest(null, Object(Config\Cache), false)
 8 FCPATH\index.php(79): CodeIgniter\CodeIgniter->run()
 9 SYSTEMPATH\Commands\Server\rewrite.php(47): require_once('C:\\laragon\\www\\Ecom\\public\\index.php')
ERROR - 2023-09-30 13:47:10 --> mysqli_sql_exception: Table 'ecommerse.product' doesn't exist in C:\laragon\www\Ecom\system\Database\MySQLi\Connection.php:306
Stack trace:
#0 C:\laragon\www\Ecom\system\Database\MySQLi\Connection.php(306): mysqli->query('SELECT *\nFROM `...', 0)
#1 C:\laragon\www\Ecom\system\Database\BaseConnection.php(692): CodeIgniter\Database\MySQLi\Connection->execute('SELECT *\nFROM `...')
#2 C:\laragon\www\Ecom\system\Database\BaseConnection.php(606): CodeIgniter\Database\BaseConnection->simpleQuery('SELECT *\nFROM `...')
#3 C:\laragon\www\Ecom\system\Database\BaseBuilder.php(1615): CodeIgniter\Database\BaseConnection->query('SELECT *\nFROM `...', Array, false)
#4 C:\laragon\www\Ecom\system\Model.php(237): CodeIgniter\Database\BaseBuilder->get()
#5 C:\laragon\www\Ecom\system\BaseModel.php(624): CodeIgniter\Model->doFindAll(0, 0)
#6 C:\laragon\www\Ecom\app\Controllers\ProductController.php(74): CodeIgniter\BaseModel->findAll()
#7 C:\laragon\www\Ecom\system\CodeIgniter.php(919): App\Controllers\ProductController->index()
#8 C:\laragon\www\Ecom\system\CodeIgniter.php(494): CodeIgniter\CodeIgniter->runController(Object(App\Controllers\ProductController))
#9 C:\laragon\www\Ecom\system\CodeIgniter.php(353): CodeIgniter\CodeIgniter->handleRequest(NULL, Object(Config\Cache), false)
#10 C:\laragon\www\Ecom\public\index.php(79): CodeIgniter\CodeIgniter->run()
#11 C:\laragon\www\Ecom\system\Commands\Server\rewrite.php(47): require_once('C:\\laragon\\www\\...')
#12 {main}
CRITICAL - 2023-09-30 13:47:10 --> Table 'ecommerse.product' doesn't exist
in SYSTEMPATH\Database\BaseConnection.php on line 646.
 1 SYSTEMPATH\Database\BaseBuilder.php(1615): CodeIgniter\Database\BaseConnection->query('SELECT *
FROM `product`', [], false)
 2 SYSTEMPATH\Model.php(237): CodeIgniter\Database\BaseBuilder->get()
 3 SYSTEMPATH\BaseModel.php(624): CodeIgniter\Model->doFindAll(0, 0)
 4 APPPATH\Controllers\ProductController.php(74): CodeIgniter\BaseModel->findAll()
 5 SYSTEMPATH\CodeIgniter.php(919): App\Controllers\ProductController->index()
 6 SYSTEMPATH\CodeIgniter.php(494): CodeIgniter\CodeIgniter->runController(Object(App\Controllers\ProductController))
 7 SYSTEMPATH\CodeIgniter.php(353): CodeIgniter\CodeIgniter->handleRequest(null, Object(Config\Cache), false)
 8 FCPATH\index.php(79): CodeIgniter\CodeIgniter->run()
 9 SYSTEMPATH\Commands\Server\rewrite.php(47): require_once('C:\\laragon\\www\\Ecom\\public\\index.php')
ERROR - 2023-09-30 13:47:18 --> mysqli_sql_exception: Table 'ecommerse.categories' doesn't exist in C:\laragon\www\Ecom\system\Database\MySQLi\Connection.php:306
Stack trace:
#0 C:\laragon\www\Ecom\system\Database\MySQLi\Connection.php(306): mysqli->query('SELECT DISTINCT...', 0)
#1 C:\laragon\www\Ecom\system\Database\BaseConnection.php(692): CodeIgniter\Database\MySQLi\Connection->execute('SELECT DISTINCT...')
#2 C:\laragon\www\Ecom\system\Database\BaseConnection.php(606): CodeIgniter\Database\BaseConnection->simpleQuery('SELECT DISTINCT...')
#3 C:\laragon\www\Ecom\system\Database\BaseBuilder.php(1615): CodeIgniter\Database\BaseConnection->query('SELECT DISTINCT...', Array, false)
#4 C:\laragon\www\Ecom\system\Model.php(199): CodeIgniter\Database\BaseBuilder->get()
#5 C:\laragon\www\Ecom\system\BaseModel.php(563): CodeIgniter\Model->doFind(false, NULL)
#6 C:\laragon\www\Ecom\system\Model.php(215): CodeIgniter\BaseModel->find()
#7 C:\laragon\www\Ecom\system\BaseModel.php(594): CodeIgniter\Model->doFindColumn('ProductCategory')
#8 C:\laragon\www\Ecom\app\Controllers\ProductController.php(75): CodeIgniter\BaseModel->findColumn('ProductCategory')
#9 C:\laragon\www\Ecom\system\CodeIgniter.php(919): App\Controllers\ProductController->index()
#10 C:\laragon\www\Ecom\system\CodeIgniter.php(494): CodeIgniter\CodeIgniter->runController(Object(App\Controllers\ProductController))
#11 C:\laragon\www\Ecom\system\CodeIgniter.php(353): CodeIgniter\CodeIgniter->handleRequest(NULL, Object(Config\Cache), false)
#12 C:\laragon\www\Ecom\public\index.php(79): CodeIgniter\CodeIgniter->run()
#13 C:\laragon\www\Ecom\system\Commands\Server\rewrite.php(47): require_once('C:\\laragon\\www\\...')
#14 {main}
CRITICAL - 2023-09-30 13:47:18 --> Table 'ecommerse.categories' doesn't exist
in SYSTEMPATH\Database\BaseConnection.php on line 646.
 1 SYSTEMPATH\Database\BaseBuilder.php(1615): CodeIgniter\Database\BaseConnection->query('SELECT DISTINCT `ProductCategory`
FROM `categories`', [], false)
 2 SYSTEMPATH\Model.php(199): CodeIgniter\Database\BaseBuilder->get()
 3 SYSTEMPATH\BaseModel.php(563): CodeIgniter\Model->doFind(false, null)
 4 SYSTEMPATH\Model.php(215): CodeIgniter\BaseModel->find()
 5 SYSTEMPATH\BaseModel.php(594): CodeIgniter\Model->doFindColumn('ProductCategory')
 6 APPPATH\Controllers\ProductController.php(75): CodeIgniter\BaseModel->findColumn('ProductCategory')
 7 SYSTEMPATH\CodeIgniter.php(919): App\Controllers\ProductController->index()
 8 SYSTEMPATH\CodeIgniter.php(494): CodeIgniter\CodeIgniter->runController(Object(App\Controllers\ProductController))
 9 SYSTEMPATH\CodeIgniter.php(353): CodeIgniter\CodeIgniter->handleRequest(null, Object(Config\Cache), false)
10 FCPATH\index.php(79): CodeIgniter\CodeIgniter->run()
11 SYSTEMPATH\Commands\Server\rewrite.php(47): require_once('C:\\laragon\\www\\Ecom\\public\\index.php')
ERROR - 2023-09-30 13:47:25 --> mysqli_sql_exception: Table 'ecommerse.product' doesn't exist in C:\laragon\www\Ecom\system\Database\MySQLi\Connection.php:306
Stack trace:
#0 C:\laragon\www\Ecom\system\Database\MySQLi\Connection.php(306): mysqli->query('SELECT *\nFROM `...', 0)
#1 C:\laragon\www\Ecom\system\Database\BaseConnection.php(692): CodeIgniter\Database\MySQLi\Connection->execute('SELECT *\nFROM `...')
#2 C:\laragon\www\Ecom\system\Database\BaseConnection.php(606): CodeIgniter\Database\BaseConnection->simpleQuery('SELECT *\nFROM `...')
#3 C:\laragon\www\Ecom\system\Database\BaseBuilder.php(1615): CodeIgniter\Database\BaseConnection->query('SELECT *\nFROM `...', Array, false)
#4 C:\laragon\www\Ecom\system\Model.php(237): CodeIgniter\Database\BaseBuilder->get()
#5 C:\laragon\www\Ecom\system\BaseModel.php(624): CodeIgniter\Model->doFindAll(0, 0)
#6 C:\laragon\www\Ecom\app\Controllers\ProductController.php(74): CodeIgniter\BaseModel->findAll()
#7 C:\laragon\www\Ecom\system\CodeIgniter.php(919): App\Controllers\ProductController->index()
#8 C:\laragon\www\Ecom\system\CodeIgniter.php(494): CodeIgniter\CodeIgniter->runController(Object(App\Controllers\ProductController))
#9 C:\laragon\www\Ecom\system\CodeIgniter.php(353): CodeIgniter\CodeIgniter->handleRequest(NULL, Object(Config\Cache), false)
#10 C:\laragon\www\Ecom\public\index.php(79): CodeIgniter\CodeIgniter->run()
#11 C:\laragon\www\Ecom\system\Commands\Server\rewrite.php(47): require_once('C:\\laragon\\www\\...')
#12 {main}
CRITICAL - 2023-09-30 13:47:25 --> Table 'ecommerse.product' doesn't exist
in SYSTEMPATH\Database\BaseConnection.php on line 646.
 1 SYSTEMPATH\Database\BaseBuilder.php(1615): CodeIgniter\Database\BaseConnection->query('SELECT *
FROM `product`', [], false)
 2 SYSTEMPATH\Model.php(237): CodeIgniter\Database\BaseBuilder->get()
 3 SYSTEMPATH\BaseModel.php(624): CodeIgniter\Model->doFindAll(0, 0)
 4 APPPATH\Controllers\ProductController.php(74): CodeIgniter\BaseModel->findAll()
 5 SYSTEMPATH\CodeIgniter.php(919): App\Controllers\ProductController->index()
 6 SYSTEMPATH\CodeIgniter.php(494): CodeIgniter\CodeIgniter->runController(Object(App\Controllers\ProductController))
 7 SYSTEMPATH\CodeIgniter.php(353): CodeIgniter\CodeIgniter->handleRequest(null, Object(Config\Cache), false)
 8 FCPATH\index.php(79): CodeIgniter\CodeIgniter->run()
 9 SYSTEMPATH\Commands\Server\rewrite.php(47): require_once('C:\\laragon\\www\\Ecom\\public\\index.php')
ERROR - 2023-09-30 13:47:32 --> mysqli_sql_exception: Table 'ecommerse.categorie' doesn't exist in C:\laragon\www\Ecom\system\Database\MySQLi\Connection.php:306
Stack trace:
#0 C:\laragon\www\Ecom\system\Database\MySQLi\Connection.php(306): mysqli->query('SELECT DISTINCT...', 0)
#1 C:\laragon\www\Ecom\system\Database\BaseConnection.php(692): CodeIgniter\Database\MySQLi\Connection->execute('SELECT DISTINCT...')
#2 C:\laragon\www\Ecom\system\Database\BaseConnection.php(606): CodeIgniter\Database\BaseConnection->simpleQuery('SELECT DISTINCT...')
#3 C:\laragon\www\Ecom\system\Database\BaseBuilder.php(1615): CodeIgniter\Database\BaseConnection->query('SELECT DISTINCT...', Array, false)
#4 C:\laragon\www\Ecom\system\Model.php(199): CodeIgniter\Database\BaseBuilder->get()
#5 C:\laragon\www\Ecom\system\BaseModel.php(563): CodeIgniter\Model->doFind(false, NULL)
#6 C:\laragon\www\Ecom\system\Model.php(215): CodeIgniter\BaseModel->find()
#7 C:\laragon\www\Ecom\system\BaseModel.php(594): CodeIgniter\Model->doFindColumn('ProductCategory')
#8 C:\laragon\www\Ecom\app\Controllers\ProductController.php(75): CodeIgniter\BaseModel->findColumn('ProductCategory')
#9 C:\laragon\www\Ecom\system\CodeIgniter.php(919): App\Controllers\ProductController->index()
#10 C:\laragon\www\Ecom\system\CodeIgniter.php(494): CodeIgniter\CodeIgniter->runController(Object(App\Controllers\ProductController))
#11 C:\laragon\www\Ecom\system\CodeIgniter.php(353): CodeIgniter\CodeIgniter->handleRequest(NULL, Object(Config\Cache), false)
#12 C:\laragon\www\Ecom\public\index.php(79): CodeIgniter\CodeIgniter->run()
#13 C:\laragon\www\Ecom\system\Commands\Server\rewrite.php(47): require_once('C:\\laragon\\www\\...')
#14 {main}
CRITICAL - 2023-09-30 13:47:32 --> Table 'ecommerse.categorie' doesn't exist
in SYSTEMPATH\Database\BaseConnection.php on line 646.
 1 SYSTEMPATH\Database\BaseBuilder.php(1615): CodeIgniter\Database\BaseConnection->query('SELECT DISTINCT `ProductCategory`
FROM `categorie`', [], false)
 2 SYSTEMPATH\Model.php(199): CodeIgniter\Database\BaseBuilder->get()
 3 SYSTEMPATH\BaseModel.php(563): CodeIgniter\Model->doFind(false, null)
 4 SYSTEMPATH\Model.php(215): CodeIgniter\BaseModel->find()
 5 SYSTEMPATH\BaseModel.php(594): CodeIgniter\Model->doFindColumn('ProductCategory')
 6 APPPATH\Controllers\ProductController.php(75): CodeIgniter\BaseModel->findColumn('ProductCategory')
 7 SYSTEMPATH\CodeIgniter.php(919): App\Controllers\ProductController->index()
 8 SYSTEMPATH\CodeIgniter.php(494): CodeIgniter\CodeIgniter->runController(Object(App\Controllers\ProductController))
 9 SYSTEMPATH\CodeIgniter.php(353): CodeIgniter\CodeIgniter->handleRequest(null, Object(Config\Cache), false)
10 FCPATH\index.php(79): CodeIgniter\CodeIgniter->run()
11 SYSTEMPATH\Commands\Server\rewrite.php(47): require_once('C:\\laragon\\www\\Ecom\\public\\index.php')
ERROR - 2023-09-30 13:47:37 --> mysqli_sql_exception: Table 'ecommerse.categories' doesn't exist in C:\laragon\www\Ecom\system\Database\MySQLi\Connection.php:306
Stack trace:
#0 C:\laragon\www\Ecom\system\Database\MySQLi\Connection.php(306): mysqli->query('SELECT DISTINCT...', 0)
#1 C:\laragon\www\Ecom\system\Database\BaseConnection.php(692): CodeIgniter\Database\MySQLi\Connection->execute('SELECT DISTINCT...')
#2 C:\laragon\www\Ecom\system\Database\BaseConnection.php(606): CodeIgniter\Database\BaseConnection->simpleQuery('SELECT DISTINCT...')
#3 C:\laragon\www\Ecom\system\Database\BaseBuilder.php(1615): CodeIgniter\Database\BaseConnection->query('SELECT DISTINCT...', Array, false)
#4 C:\laragon\www\Ecom\system\Model.php(199): CodeIgniter\Database\BaseBuilder->get()
#5 C:\laragon\www\Ecom\system\BaseModel.php(563): CodeIgniter\Model->doFind(false, NULL)
#6 C:\laragon\www\Ecom\system\Model.php(215): CodeIgniter\BaseModel->find()
#7 C:\laragon\www\Ecom\system\BaseModel.php(594): CodeIgniter\Model->doFindColumn('ProductCategory')
#8 C:\laragon\www\Ecom\app\Controllers\ProductController.php(75): CodeIgniter\BaseModel->findColumn('ProductCategory')
#9 C:\laragon\www\Ecom\system\CodeIgniter.php(919): App\Controllers\ProductController->index()
#10 C:\laragon\www\Ecom\system\CodeIgniter.php(494): CodeIgniter\CodeIgniter->runController(Object(App\Controllers\ProductController))
#11 C:\laragon\www\Ecom\system\CodeIgniter.php(353): CodeIgniter\CodeIgniter->handleRequest(NULL, Object(Config\Cache), false)
#12 C:\laragon\www\Ecom\public\index.php(79): CodeIgniter\CodeIgniter->run()
#13 C:\laragon\www\Ecom\system\Commands\Server\rewrite.php(47): require_once('C:\\laragon\\www\\...')
#14 {main}
CRITICAL - 2023-09-30 13:47:37 --> Table 'ecommerse.categories' doesn't exist
in SYSTEMPATH\Database\BaseConnection.php on line 646.
 1 SYSTEMPATH\Database\BaseBuilder.php(1615): CodeIgniter\Database\BaseConnection->query('SELECT DISTINCT `ProductCategory`
FROM `categories`', [], false)
 2 SYSTEMPATH\Model.php(199): CodeIgniter\Database\BaseBuilder->get()
 3 SYSTEMPATH\BaseModel.php(563): CodeIgniter\Model->doFind(false, null)
 4 SYSTEMPATH\Model.php(215): CodeIgniter\BaseModel->find()
 5 SYSTEMPATH\BaseModel.php(594): CodeIgniter\Model->doFindColumn('ProductCategory')
 6 APPPATH\Controllers\ProductController.php(75): CodeIgniter\BaseModel->findColumn('ProductCategory')
 7 SYSTEMPATH\CodeIgniter.php(919): App\Controllers\ProductController->index()
 8 SYSTEMPATH\CodeIgniter.php(494): CodeIgniter\CodeIgniter->runController(Object(App\Controllers\ProductController))
 9 SYSTEMPATH\CodeIgniter.php(353): CodeIgniter\CodeIgniter->handleRequest(null, Object(Config\Cache), false)
10 FCPATH\index.php(79): CodeIgniter\CodeIgniter->run()
11 SYSTEMPATH\Commands\Server\rewrite.php(47): require_once('C:\\laragon\\www\\Ecom\\public\\index.php')
ERROR - 2023-09-30 13:47:42 --> mysqli_sql_exception: Table 'ecommerse.product' doesn't exist in C:\laragon\www\Ecom\system\Database\MySQLi\Connection.php:306
Stack trace:
#0 C:\laragon\www\Ecom\system\Database\MySQLi\Connection.php(306): mysqli->query('SELECT *\nFROM `...', 0)
#1 C:\laragon\www\Ecom\system\Database\BaseConnection.php(692): CodeIgniter\Database\MySQLi\Connection->execute('SELECT *\nFROM `...')
#2 C:\laragon\www\Ecom\system\Database\BaseConnection.php(606): CodeIgniter\Database\BaseConnection->simpleQuery('SELECT *\nFROM `...')
#3 C:\laragon\www\Ecom\system\Database\BaseBuilder.php(1615): CodeIgniter\Database\BaseConnection->query('SELECT *\nFROM `...', Array, false)
#4 C:\laragon\www\Ecom\system\Model.php(237): CodeIgniter\Database\BaseBuilder->get()
#5 C:\laragon\www\Ecom\system\BaseModel.php(624): CodeIgniter\Model->doFindAll(0, 0)
#6 C:\laragon\www\Ecom\app\Controllers\ProductController.php(74): CodeIgniter\BaseModel->findAll()
#7 C:\laragon\www\Ecom\system\CodeIgniter.php(919): App\Controllers\ProductController->index()
#8 C:\laragon\www\Ecom\system\CodeIgniter.php(494): CodeIgniter\CodeIgniter->runController(Object(App\Controllers\ProductController))
#9 C:\laragon\www\Ecom\system\CodeIgniter.php(353): CodeIgniter\CodeIgniter->handleRequest(NULL, Object(Config\Cache), false)
#10 C:\laragon\www\Ecom\public\index.php(79): CodeIgniter\CodeIgniter->run()
#11 C:\laragon\www\Ecom\system\Commands\Server\rewrite.php(47): require_once('C:\\laragon\\www\\...')
#12 {main}
CRITICAL - 2023-09-30 13:47:42 --> Table 'ecommerse.product' doesn't exist
in SYSTEMPATH\Database\BaseConnection.php on line 646.
 1 SYSTEMPATH\Database\BaseBuilder.php(1615): CodeIgniter\Database\BaseConnection->query('SELECT *
FROM `product`', [], false)
 2 SYSTEMPATH\Model.php(237): CodeIgniter\Database\BaseBuilder->get()
 3 SYSTEMPATH\BaseModel.php(624): CodeIgniter\Model->doFindAll(0, 0)
 4 APPPATH\Controllers\ProductController.php(74): CodeIgniter\BaseModel->findAll()
 5 SYSTEMPATH\CodeIgniter.php(919): App\Controllers\ProductController->index()
 6 SYSTEMPATH\CodeIgniter.php(494): CodeIgniter\CodeIgniter->runController(Object(App\Controllers\ProductController))
 7 SYSTEMPATH\CodeIgniter.php(353): CodeIgniter\CodeIgniter->handleRequest(null, Object(Config\Cache), false)
 8 FCPATH\index.php(79): CodeIgniter\CodeIgniter->run()
 9 SYSTEMPATH\Commands\Server\rewrite.php(47): require_once('C:\\laragon\\www\\Ecom\\public\\index.php')
